
> crypto-trading-bot@1.0.0 dev:market
> tsx watch src/marketServer/index.ts

[13:28:02] [32mINFO[39m: [36mMarket server started[39m
    host: "0.0.0.0"
    port: 4180
    timeoutMs: 8000
    baseUrls: [
      "https://data-api.binance.vision",
      "https://api.binance.com",
      "https://api1.binance.com",
      "https://api2.binance.com",
      "https://api3.binance.com"
    ]
[13:28:21] [32mINFO[39m: [36mMarket kline stream connected[39m
    channel: "BTCUSDC:1m"
[13:28:22] [32mINFO[39m: [36mMarket depth stream connected[39m
    symbol: "BTCUSDC"
[13:41:47] [32mINFO[39m: [36mMarket depth stream connected[39m
    symbol: "ETHUSDC"
[13:41:47] [32mINFO[39m: [36mMarket kline stream connected[39m
    channel: "ETHUSDC:1m"
